[debug] [2022-08-19T07:56:04.895Z] ----------------------------------------------------------------------
[debug] [2022-08-19T07:56:04.899Z] Command:       C:\Program Files\nodejs\node.exe C:\Users\firla\AppData\Roaming\npm\node_modules\firebase-tools\lib\bin\firebase.js init
[debug] [2022-08-19T07:56:04.900Z] CLI Version:   11.7.0
[debug] [2022-08-19T07:56:04.900Z] Platform:      win32
[debug] [2022-08-19T07:56:04.901Z] Node Version:  v16.16.0
[debug] [2022-08-19T07:56:04.902Z] Time:          Fri Aug 19 2022 14:56:04 GMT+0700 (Indochina Time)
[debug] [2022-08-19T07:56:04.902Z] ----------------------------------------------------------------------
[debug] 
[debug] [2022-08-19T07:56:04.913Z] > command requires scopes: ["email","openid","https://www.googleapis.com/auth/cloudplatformprojects.readonly","https://www.googleapis.com/auth/firebase","https://www.googleapis.com/auth/cloud-platform"]
[debug] [2022-08-19T07:56:04.914Z] > authorizing via signed-in user (botolyusi1000@gmail.com)
[info] 
     ######## #### ########  ######## ########     ###     ######  ########
     ##        ##  ##     ## ##       ##     ##  ##   ##  ##       ##
     ######    ##  ########  ######   ########  #########  ######  ######
     ##        ##  ##    ##  ##       ##     ## ##     ##       ## ##
     ##       #### ##     ## ######## ########  ##     ##  ######  ########

You're about to initialize a Firebase project in this directory:

  C:\Users\firla

Before we get started, keep in mind:

  * You are initializing your home directory as a Firebase project directory

[info] 
=== Project Setup
[info] 
[info] First, let's associate this project directory with a Firebase project.
[info] You can create multiple project aliases by running firebase use --add, 
[info] but for now we'll just set up a default project.
[info] 
[debug] [2022-08-19T07:56:17.611Z] >>> [apiv2][query] GET https://firebase.googleapis.com/v1beta1/projects pageSize=100
[debug] [2022-08-19T07:56:18.589Z] <<< [apiv2][status] GET https://firebase.googleapis.com/v1beta1/projects 200
[debug] [2022-08-19T07:56:18.590Z] <<< [apiv2][body] GET https://firebase.googleapis.com/v1beta1/projects [omitted]
[info] i  Using project pavingblockdibandung (pavingblockdibandung) 
[info] 
=== Hosting Setup
[info] 
[info] Your public directory is the folder (relative to your project directory) that
[info] will contain Hosting assets to be uploaded with firebase deploy. If you
[info] have a build process for your assets, use your build's output directory.
[info] 
[info] +  Wrote public/404.html 
[debug] [2022-08-19T07:56:46.337Z] >>> [apiv2][query] GET https://www.gstatic.com/firebasejs/releases.json [none]
[debug] [2022-08-19T07:56:46.425Z] <<< [apiv2][status] GET https://www.gstatic.com/firebasejs/releases.json 200
[debug] [2022-08-19T07:56:46.425Z] <<< [apiv2][body] GET https://www.gstatic.com/firebasejs/releases.json {"current":{"version":"9.9.3","browserURL":"https://www.gstatic.com/firebasejs/9.9.3/firebase.js","packageURL":"https://www.gstatic.com/firebasejs/9.9.3/firebase.tgz"},"live":{"version":"9.9","browserURL":"https://www.gstatic.com/firebasejs/live/9.9/firebase.js","packageURL":"https://www.gstatic.com/firebasejs/live/9.9/firebase.tgz"},"components":{"analytics":"https://www.gstatic.com/firebasejs/9.9.3/firebase-analytics.js","app":"https://www.gstatic.com/firebasejs/9.9.3/firebase-app.js","app-check":"https://www.gstatic.com/firebasejs/9.9.3/firebase-app-check.js","auth":"https://www.gstatic.com/firebasejs/9.9.3/firebase-auth.js","auth/cordova":"https://www.gstatic.com/firebasejs/9.9.3/firebase-auth/cordova.js","auth/react-native":"https://www.gstatic.com/firebasejs/9.9.3/firebase-auth/react-native.js","functions":"https://www.gstatic.com/firebasejs/9.9.3/firebase-functions.js","firestore":"https://www.gstatic.com/firebasejs/9.9.3/firebase-firestore.js","firestore/lite":"https://www.gstatic.com/firebasejs/9.9.3/firebase-firestore/lite.js","installations":"https://www.gstatic.com/firebasejs/9.9.3/firebase-installations.js","storage":"https://www.gstatic.com/firebasejs/9.9.3/firebase-storage.js","performance":"https://www.gstatic.com/firebasejs/9.9.3/firebase-performance.js","remote-config":"https://www.gstatic.com/firebasejs/9.9.3/firebase-remote-config.js","messaging":"https://www.gstatic.com/firebasejs/9.9.3/firebase-messaging.js","messaging/sw":"https://www.gstatic.com/firebasejs/9.9.3/firebase-messaging/sw.js","database":"https://www.gstatic.com/firebasejs/9.9.3/firebase-database.js","firestore.memory":"https://www.gstatic.com/firebasejs/9.9.3/firebase-firestore.memory.js"}}
[info] i  Skipping write of public/index.html 
[info] 
[info] i  Didn't detect a .git folder. Assuming C:\Users\firla is the project root. 
[info] i  Authorizing with GitHub to upload your service account to a GitHub repository's secrets store. 
[info] 
[info] Visit this URL on this device to log in:
[info] https://github.com/login/oauth/authorize?client_id=89cf50f02ac6aaed3484&state=283386842&redirect_uri=http%3A%2F%2Flocalhost%3A9005&scope=read%3Auser%20repo%20public_repo
[info] 
[info] Waiting for authentication...
[debug] [2022-08-19T07:56:59.865Z] >>> [apiv2][query] POST https://github.com/login/oauth/access_token [none]
[debug] [2022-08-19T07:56:59.865Z] >>> [apiv2][body] POST https://github.com/login/oauth/access_token [stream]
[debug] [2022-08-19T07:57:00.399Z] <<< [apiv2][status] POST https://github.com/login/oauth/access_token 200
[debug] [2022-08-19T07:57:00.400Z] <<< [apiv2][body] POST https://github.com/login/oauth/access_token {"access_token":"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","token_type":"bearer","scope":"read:user,repo"}
[debug] [2022-08-19T07:57:00.418Z] >>> [apiv2][query] GET https://api.github.com/user [none]
[debug] [2022-08-19T07:57:00.840Z] <<< [apiv2][status] GET https://api.github.com/user 200
[debug] [2022-08-19T07:57:00.841Z] <<< [apiv2][body] GET https://api.github.com/user {"login":"botolyusi","id":111563601,"node_id":"U_kgDOBqZTUQ","avatar_url":"https://avatars.githubusercontent.com/u/111563601?v=4","gravatar_id":"","url":"https://api.github.com/users/botolyusi","html_url":"https://github.com/botolyusi","followers_url":"https://api.github.com/users/botolyusi/followers","following_url":"https://api.github.com/users/botolyusi/following{/other_user}","gists_url":"https://api.github.com/users/botolyusi/gists{/gist_id}","starred_url":"https://api.github.com/users/botolyusi/starred{/owner}{/repo}","subscriptions_url":"https://api.github.com/users/botolyusi/subscriptions","organizations_url":"https://api.github.com/users/botolyusi/orgs","repos_url":"https://api.github.com/users/botolyusi/repos","events_url":"https://api.github.com/users/botolyusi/events{/privacy}","received_events_url":"https://api.github.com/users/botolyusi/received_events","type":"User","site_admin":false,"name":null,"company":null,"blog":"","location":null,"email":null,"hireable":null,"bio":null,"twitter_username":null,"public_repos":1,"public_gists":0,"followers":0,"following":0,"created_at":"2022-08-19T07:48:54Z","updated_at":"2022-08-19T07:48:54Z","private_gists":0,"total_private_repos":0,"owned_private_repos":0,"disk_usage":0,"collaborators":0,"two_factor_authentication":false,"plan":{"name":"free","space":976562499,"collaborators":0,"private_repos":10000}}
[info] 
[info] +  Success! Logged into GitHub as botolyusi 
[info] 
[debug] [2022-08-19T07:57:20.341Z] >>> [apiv2][query] GET https://api.github.com/repos//actions/secrets/public-key type=owner
[debug] [2022-08-19T07:57:20.703Z] <<< [apiv2][status] GET https://api.github.com/repos//actions/secrets/public-key 404
[debug] [2022-08-19T07:57:20.703Z] <<< [apiv2][body] GET https://api.github.com/repos//actions/secrets/public-key {"message":"Not Found","documentation_url":"https://docs.github.com/rest"}
[debug] [2022-08-19T07:57:30.935Z] >>> [apiv2][query] GET https://api.github.com/repos/botolyusi/actions/secrets/public-key type=owner
[debug] [2022-08-19T07:57:30.938Z] >>> [apiv2][query] GET https://api.github.com/repos///actions/secrets/public-key type=owner
[debug] [2022-08-19T07:57:31.322Z] <<< [apiv2][status] GET https://api.github.com/repos///actions/secrets/public-key 404
[debug] [2022-08-19T07:57:31.322Z] <<< [apiv2][body] GET https://api.github.com/repos///actions/secrets/public-key {"message":"Not Found","documentation_url":"https://docs.github.com/rest"}
[debug] [2022-08-19T07:57:31.326Z] <<< [apiv2][status] GET https://api.github.com/repos/botolyusi/actions/secrets/public-key 404
[debug] [2022-08-19T07:57:31.326Z] <<< [apiv2][body] GET https://api.github.com/repos/botolyusi/actions/secrets/public-key {"message":"Not Found","documentation_url":"https://docs.github.com/rest"}
[debug] [2022-08-19T07:57:32.917Z] >>> [apiv2][query] GET https://api.github.com/repos/pavingbandung/botolyusi/actions/secrets/public-key type=owner
[debug] [2022-08-19T07:57:33.256Z] <<< [apiv2][status] GET https://api.github.com/repos/pavingbandung/botolyusi/actions/secrets/public-key 404
[debug] [2022-08-19T07:57:33.256Z] <<< [apiv2][body] GET https://api.github.com/repos/pavingbandung/botolyusi/actions/secrets/public-key {"message":"Not Found","documentation_url":"https://docs.github.com/rest/reference/actions#get-a-repository-public-key"}
[debug] [2022-08-19T07:57:34.261Z] >>> [apiv2][query] GET https://api.github.com/repos/pavingbandung/botolyusi/actions/secrets/public-key type=owner
[debug] [2022-08-19T07:57:34.599Z] <<< [apiv2][status] GET https://api.github.com/repos/pavingbandung/botolyusi/actions/secrets/public-key 404
[debug] [2022-08-19T07:57:34.599Z] <<< [apiv2][body] GET https://api.github.com/repos/pavingbandung/botolyusi/actions/secrets/public-key {"message":"Not Found","documentation_url":"https://docs.github.com/rest/reference/actions#get-a-repository-public-key"}
